Partition Merge report for DE1_SoC
Thu Mar 02 20:52:16 2017
Quartus II 64-Bit Version 14.1.0 Build 186 12/03/2014 SJ Full Version


---------------------
; Table of Contents ;
---------------------
  1. Legal Notice
  2. Partition Merge Summary
  3. Partition Merge Netlist Types Used
  4. Partition Merge Rapid Recompile Summary
  5. Partition Merge Rapid Recompile Table of Changed Logic Entities
  6. Partition Merge Partition Pin Processing
  7. Partition Merge Resource Usage Summary
  8. Partition Merge Messages



----------------
; Legal Notice ;
----------------
Copyright (C) 1991-2014 Altera Corporation. All rights reserved.
Your use of Altera Corporation's design tools, logic functions 
and other software and tools, and its AMPP partner logic 
functions, and any output files from any of the foregoing 
(including device programming or simulation files), and any 
associated documentation or information are expressly subject 
to the terms and conditions of the Altera Program License 
Subscription Agreement, the Altera Quartus II License Agreement,
the Altera MegaCore Function License Agreement, or other 
applicable license agreement, including, without limitation, 
that your use is for the sole purpose of programming logic 
devices manufactured by Altera and sold by Altera or its 
authorized distributors.  Please refer to the applicable 
agreement for further details.



+-------------------------------------------------------------------------------+
; Partition Merge Summary                                                       ;
+---------------------------------+---------------------------------------------+
; Partition Merge Status          ; Successful - Thu Mar 02 20:52:16 2017       ;
; Quartus II 64-Bit Version       ; 14.1.0 Build 186 12/03/2014 SJ Full Version ;
; Revision Name                   ; DE1_SoC                                     ;
; Top-level Entity Name           ; DE1_SoC                                     ;
; Family                          ; Cyclone V                                   ;
; Logic utilization (in ALMs)     ; N/A                                         ;
; Total registers                 ; 43                                          ;
; Total pins                      ; 103                                         ;
; Total virtual pins              ; 0                                           ;
; Total block memory bits         ; 0                                           ;
; Total DSP Blocks                ; 0                                           ;
; Total HSSI RX PCSs              ; 0                                           ;
; Total HSSI PMA RX Deserializers ; 0                                           ;
; Total HSSI TX PCSs              ; 0                                           ;
; Total HSSI PMA TX Serializers   ; 0                                           ;
; Total PLLs                      ; 0                                           ;
; Total DLLs                      ; 0                                           ;
+---------------------------------+---------------------------------------------+


+-------------------------------------------------------------------------------------------------------------------------------+
; Partition Merge Netlist Types Used                                                                                            ;
+--------------------------------+----------------+-------------------+------------------------+--------------------------------+
; Partition Name                 ; Partition Type ; Netlist Type Used ; Netlist Type Requested ; Partition Contents             ;
+--------------------------------+----------------+-------------------+------------------------+--------------------------------+
; Top                            ; User-created   ; Source File       ; Source File            ;                                ;
; hard_block:auto_generated_inst ; Auto-generated ; Source File       ; Source File            ; hard_block:auto_generated_inst ;
+--------------------------------+----------------+-------------------+------------------------+--------------------------------+


+---------------------------------------------------------------------------------------------------------------------------------------------------------------------------------------------------------------------------+
; Partition Merge Rapid Recompile Summary                                                                                                                                                                                   ;
+----------------+------------------------+--------------------------------+-------------------------------+----------------------------------------------------------------------------------------------------------------+
; Partition Name ; Rapid Recompile Status ; Netlist Preservation Requested ; Netlist Preservation Achieved ; Notes                                                                                                          ;
+----------------+------------------------+--------------------------------+-------------------------------+----------------------------------------------------------------------------------------------------------------+
; Top            ; Disengaged             ; 65.12% (112 / 172)             ; 0.00% (0 / 172)               ; Rapid Recompile disengaged: Design change is too large for Rapid Recompile, full compilation performed instead ;
+----------------+------------------------+--------------------------------+-------------------------------+----------------------------------------------------------------------------------------------------------------+


+-------------------------------------------------------------------------+
; Partition Merge Rapid Recompile Table of Changed Logic Entities         ;
+-----------------------------------------------+-------------------------+
; Changed Logic Entities                        ; Number of Changed Nodes ;
+-----------------------------------------------+-------------------------+
; |DE1_SoC|test_device:td0|clock_divider:cd0    ; 42                      ;
; |DE1_SoC|test_device:td0|dataInputDriver:did0 ; 34                      ;
; |DE1_SoC                                      ; 2                       ;
+-----------------------------------------------+-------------------------+


+-------------------------------------------------------------------------------+
; Partition Merge Partition Pin Processing                                      ;
+--------------------------+-----------+---------------+----------+-------------+
; Name                     ; Partition ; Type          ; Location ; Status      ;
+--------------------------+-----------+---------------+----------+-------------+
; CLOCK_50                 ; Top       ; Input Port    ; n/a      ;             ;
;     -- CLOCK_50          ; Top       ; Input Pad     ; Unplaced ; Synthesized ;
;     -- CLOCK_50~input    ; Top       ; Input Buffer  ; Unplaced ; Synthesized ;
;                          ;           ;               ;          ;             ;
; GPIO_0[0]                ; Top       ; Output Port   ; n/a      ;             ;
;     -- GPIO_0[0]         ; Top       ; Output Pad    ; Unplaced ; Synthesized ;
;     -- GPIO_0[0]~output  ; Top       ; Output Buffer ; Unplaced ; Synthesized ;
;                          ;           ;               ;          ;             ;
; GPIO_0[10]               ; Top       ; Output Port   ; n/a      ;             ;
;     -- GPIO_0[10]        ; Top       ; Output Pad    ; Unplaced ; Synthesized ;
;     -- GPIO_0[10]~output ; Top       ; Output Buffer ; Unplaced ; Synthesized ;
;                          ;           ;               ;          ;             ;
; GPIO_0[11]               ; Top       ; Output Port   ; n/a      ;             ;
;     -- GPIO_0[11]        ; Top       ; Output Pad    ; Unplaced ; Synthesized ;
;     -- GPIO_0[11]~output ; Top       ; Output Buffer ; Unplaced ; Synthesized ;
;                          ;           ;               ;          ;             ;
; GPIO_0[12]               ; Top       ; Output Port   ; n/a      ;             ;
;     -- GPIO_0[12]        ; Top       ; Output Pad    ; Unplaced ; Synthesized ;
;     -- GPIO_0[12]~output ; Top       ; Output Buffer ; Unplaced ; Synthesized ;
;                          ;           ;               ;          ;             ;
; GPIO_0[13]               ; Top       ; Output Port   ; n/a      ;             ;
;     -- GPIO_0[13]        ; Top       ; Output Pad    ; Unplaced ; Synthesized ;
;     -- GPIO_0[13]~output ; Top       ; Output Buffer ; Unplaced ; Synthesized ;
;                          ;           ;               ;          ;             ;
; GPIO_0[14]               ; Top       ; Output Port   ; n/a      ;             ;
;     -- GPIO_0[14]        ; Top       ; Output Pad    ; Unplaced ; Synthesized ;
;     -- GPIO_0[14]~output ; Top       ; Output Buffer ; Unplaced ; Synthesized ;
;                          ;           ;               ;          ;             ;
; GPIO_0[15]               ; Top       ; Output Port   ; n/a      ;             ;
;     -- GPIO_0[15]        ; Top       ; Output Pad    ; Unplaced ; Synthesized ;
;     -- GPIO_0[15]~output ; Top       ; Output Buffer ; Unplaced ; Synthesized ;
;                          ;           ;               ;          ;             ;
; GPIO_0[16]               ; Top       ; Output Port   ; n/a      ;             ;
;     -- GPIO_0[16]        ; Top       ; Output Pad    ; Unplaced ; Synthesized ;
;     -- GPIO_0[16]~output ; Top       ; Output Buffer ; Unplaced ; Synthesized ;
;                          ;           ;               ;          ;             ;
; GPIO_0[17]               ; Top       ; Output Port   ; n/a      ;             ;
;     -- GPIO_0[17]        ; Top       ; Output Pad    ; Unplaced ; Synthesized ;
;     -- GPIO_0[17]~output ; Top       ; Output Buffer ; Unplaced ; Synthesized ;
;                          ;           ;               ;          ;             ;
; GPIO_0[18]               ; Top       ; Output Port   ; n/a      ;             ;
;     -- GPIO_0[18]        ; Top       ; Output Pad    ; Unplaced ; Synthesized ;
;     -- GPIO_0[18]~output ; Top       ; Output Buffer ; Unplaced ; Synthesized ;
;                          ;           ;               ;          ;             ;
; GPIO_0[19]               ; Top       ; Output Port   ; n/a      ;             ;
;     -- GPIO_0[19]        ; Top       ; Output Pad    ; Unplaced ; Synthesized ;
;     -- GPIO_0[19]~output ; Top       ; Output Buffer ; Unplaced ; Synthesized ;
;                          ;           ;               ;          ;             ;
; GPIO_0[1]                ; Top       ; Output Port   ; n/a      ;             ;
;     -- GPIO_0[1]         ; Top       ; Output Pad    ; Unplaced ; Synthesized ;
;     -- GPIO_0[1]~output  ; Top       ; Output Buffer ; Unplaced ; Synthesized ;
;                          ;           ;               ;          ;             ;
; GPIO_0[20]               ; Top       ; Output Port   ; n/a      ;             ;
;     -- GPIO_0[20]        ; Top       ; Output Pad    ; Unplaced ; Synthesized ;
;     -- GPIO_0[20]~output ; Top       ; Output Buffer ; Unplaced ; Synthesized ;
;                          ;           ;               ;          ;             ;
; GPIO_0[21]               ; Top       ; Output Port   ; n/a      ;             ;
;     -- GPIO_0[21]        ; Top       ; Output Pad    ; Unplaced ; Synthesized ;
;     -- GPIO_0[21]~output ; Top       ; Output Buffer ; Unplaced ; Synthesized ;
;                          ;           ;               ;          ;             ;
; GPIO_0[22]               ; Top       ; Output Port   ; n/a      ;             ;
;     -- GPIO_0[22]        ; Top       ; Output Pad    ; Unplaced ; Synthesized ;
;     -- GPIO_0[22]~output ; Top       ; Output Buffer ; Unplaced ; Synthesized ;
;                          ;           ;               ;          ;             ;
; GPIO_0[23]               ; Top       ; Output Port   ; n/a      ;             ;
;     -- GPIO_0[23]        ; Top       ; Output Pad    ; Unplaced ; Synthesized ;
;     -- GPIO_0[23]~output ; Top       ; Output Buffer ; Unplaced ; Synthesized ;
;                          ;           ;               ;          ;             ;
; GPIO_0[24]               ; Top       ; Output Port   ; n/a      ;             ;
;     -- GPIO_0[24]        ; Top       ; Output Pad    ; Unplaced ; Synthesized ;
;     -- GPIO_0[24]~output ; Top       ; Output Buffer ; Unplaced ; Synthesized ;
;                          ;           ;               ;          ;             ;
; GPIO_0[25]               ; Top       ; Output Port   ; n/a      ;             ;
;     -- GPIO_0[25]        ; Top       ; Output Pad    ; Unplaced ; Synthesized ;
;     -- GPIO_0[25]~output ; Top       ; Output Buffer ; Unplaced ; Synthesized ;
;                          ;           ;               ;          ;             ;
; GPIO_0[26]               ; Top       ; Output Port   ; n/a      ;             ;
;     -- GPIO_0[26]        ; Top       ; Output Pad    ; Unplaced ; Synthesized ;
;     -- GPIO_0[26]~output ; Top       ; Output Buffer ; Unplaced ; Synthesized ;
;                          ;           ;               ;          ;             ;
; GPIO_0[27]               ; Top       ; Output Port   ; n/a      ;             ;
;     -- GPIO_0[27]        ; Top       ; Output Pad    ; Unplaced ; Synthesized ;
;     -- GPIO_0[27]~output ; Top       ; Output Buffer ; Unplaced ; Synthesized ;
;                          ;           ;               ;          ;             ;
; GPIO_0[28]               ; Top       ; Output Port   ; n/a      ;             ;
;     -- GPIO_0[28]        ; Top       ; Output Pad    ; Unplaced ; Synthesized ;
;     -- GPIO_0[28]~output ; Top       ; Output Buffer ; Unplaced ; Synthesized ;
;                          ;           ;               ;          ;             ;
; GPIO_0[29]               ; Top       ; Output Port   ; n/a      ;             ;
;     -- GPIO_0[29]        ; Top       ; Output Pad    ; Unplaced ; Synthesized ;
;     -- GPIO_0[29]~output ; Top       ; Output Buffer ; Unplaced ; Synthesized ;
;                          ;           ;               ;          ;             ;
; GPIO_0[2]                ; Top       ; Output Port   ; n/a      ;             ;
;     -- GPIO_0[2]         ; Top       ; Output Pad    ; Unplaced ; Synthesized ;
;     -- GPIO_0[2]~output  ; Top       ; Output Buffer ; Unplaced ; Synthesized ;
;                          ;           ;               ;          ;             ;
; GPIO_0[30]               ; Top       ; Output Port   ; n/a      ;             ;
;     -- GPIO_0[30]        ; Top       ; Output Pad    ; Unplaced ; Synthesized ;
;     -- GPIO_0[30]~output ; Top       ; Output Buffer ; Unplaced ; Synthesized ;
;                          ;           ;               ;          ;             ;
; GPIO_0[31]               ; Top       ; Output Port   ; n/a      ;             ;
;     -- GPIO_0[31]        ; Top       ; Output Pad    ; Unplaced ; Synthesized ;
;     -- GPIO_0[31]~output ; Top       ; Output Buffer ; Unplaced ; Synthesized ;
;                          ;           ;               ;          ;             ;
; GPIO_0[32]               ; Top       ; Output Port   ; n/a      ;             ;
;     -- GPIO_0[32]        ; Top       ; Output Pad    ; Unplaced ; Synthesized ;
;     -- GPIO_0[32]~output ; Top       ; Output Buffer ; Unplaced ; Synthesized ;
;                          ;           ;               ;          ;             ;
; GPIO_0[33]               ; Top       ; Output Port   ; n/a      ;             ;
;     -- GPIO_0[33]        ; Top       ; Output Pad    ; Unplaced ; Synthesized ;
;     -- GPIO_0[33]~output ; Top       ; Output Buffer ; Unplaced ; Synthesized ;
;                          ;           ;               ;          ;             ;
; GPIO_0[34]               ; Top       ; Output Port   ; n/a      ;             ;
;     -- GPIO_0[34]        ; Top       ; Output Pad    ; Unplaced ; Synthesized ;
;     -- GPIO_0[34]~output ; Top       ; Output Buffer ; Unplaced ; Synthesized ;
;                          ;           ;               ;          ;             ;
; GPIO_0[35]               ; Top       ; Output Port   ; n/a      ;             ;
;     -- GPIO_0[35]        ; Top       ; Output Pad    ; Unplaced ; Synthesized ;
;     -- GPIO_0[35]~output ; Top       ; Output Buffer ; Unplaced ; Synthesized ;
;                          ;           ;               ;          ;             ;
; GPIO_0[3]                ; Top       ; Output Port   ; n/a      ;             ;
;     -- GPIO_0[3]         ; Top       ; Output Pad    ; Unplaced ; Synthesized ;
;     -- GPIO_0[3]~output  ; Top       ; Output Buffer ; Unplaced ; Synthesized ;
;                          ;           ;               ;          ;             ;
; GPIO_0[4]                ; Top       ; Output Port   ; n/a      ;             ;
;     -- GPIO_0[4]         ; Top       ; Output Pad    ; Unplaced ; Synthesized ;
;     -- GPIO_0[4]~output  ; Top       ; Output Buffer ; Unplaced ; Synthesized ;
;                          ;           ;               ;          ;             ;
; GPIO_0[5]                ; Top       ; Output Port   ; n/a      ;             ;
;     -- GPIO_0[5]         ; Top       ; Output Pad    ; Unplaced ; Synthesized ;
;     -- GPIO_0[5]~output  ; Top       ; Output Buffer ; Unplaced ; Synthesized ;
;                          ;           ;               ;          ;             ;
; GPIO_0[6]                ; Top       ; Output Port   ; n/a      ;             ;
;     -- GPIO_0[6]         ; Top       ; Output Pad    ; Unplaced ; Synthesized ;
;     -- GPIO_0[6]~output  ; Top       ; Output Buffer ; Unplaced ; Synthesized ;
;                          ;           ;               ;          ;             ;
; GPIO_0[7]                ; Top       ; Output Port   ; n/a      ;             ;
;     -- GPIO_0[7]         ; Top       ; Output Pad    ; Unplaced ; Synthesized ;
;     -- GPIO_0[7]~output  ; Top       ; Output Buffer ; Unplaced ; Synthesized ;
;                          ;           ;               ;          ;             ;
; GPIO_0[8]                ; Top       ; Output Port   ; n/a      ;             ;
;     -- GPIO_0[8]         ; Top       ; Output Pad    ; Unplaced ; Synthesized ;
;     -- GPIO_0[8]~output  ; Top       ; Output Buffer ; Unplaced ; Synthesized ;
;                          ;           ;               ;          ;             ;
; GPIO_0[9]                ; Top       ; Output Port   ; n/a      ;             ;
;     -- GPIO_0[9]         ; Top       ; Output Pad    ; Unplaced ; Synthesized ;
;     -- GPIO_0[9]~output  ; Top       ; Output Buffer ; Unplaced ; Synthesized ;
;                          ;           ;               ;          ;             ;
; HEX0[0]                  ; Top       ; Output Port   ; n/a      ;             ;
;     -- HEX0[0]           ; Top       ; Output Pad    ; Unplaced ; Synthesized ;
;     -- HEX0[0]~output    ; Top       ; Output Buffer ; Unplaced ; Synthesized ;
;                          ;           ;               ;          ;             ;
; HEX0[1]                  ; Top       ; Output Port   ; n/a      ;             ;
;     -- HEX0[1]           ; Top       ; Output Pad    ; Unplaced ; Synthesized ;
;     -- HEX0[1]~output    ; Top       ; Output Buffer ; Unplaced ; Synthesized ;
;                          ;           ;               ;          ;             ;
; HEX0[2]                  ; Top       ; Output Port   ; n/a      ;             ;
;     -- HEX0[2]           ; Top       ; Output Pad    ; Unplaced ; Synthesized ;
;     -- HEX0[2]~output    ; Top       ; Output Buffer ; Unplaced ; Synthesized ;
;                          ;           ;               ;          ;             ;
; HEX0[3]                  ; Top       ; Output Port   ; n/a      ;             ;
;     -- HEX0[3]           ; Top       ; Output Pad    ; Unplaced ; Synthesized ;
;     -- HEX0[3]~output    ; Top       ; Output Buffer ; Unplaced ; Synthesized ;
;                          ;           ;               ;          ;             ;
; HEX0[4]                  ; Top       ; Output Port   ; n/a      ;             ;
;     -- HEX0[4]           ; Top       ; Output Pad    ; Unplaced ; Synthesized ;
;     -- HEX0[4]~output    ; Top       ; Output Buffer ; Unplaced ; Synthesized ;
;                          ;           ;               ;          ;             ;
; HEX0[5]                  ; Top       ; Output Port   ; n/a      ;             ;
;     -- HEX0[5]           ; Top       ; Output Pad    ; Unplaced ; Synthesized ;
;     -- HEX0[5]~output    ; Top       ; Output Buffer ; Unplaced ; Synthesized ;
;                          ;           ;               ;          ;             ;
; HEX0[6]                  ; Top       ; Output Port   ; n/a      ;             ;
;     -- HEX0[6]           ; Top       ; Output Pad    ; Unplaced ; Synthesized ;
;     -- HEX0[6]~output    ; Top       ; Output Buffer ; Unplaced ; Synthesized ;
;                          ;           ;               ;          ;             ;
; HEX1[0]                  ; Top       ; Output Port   ; n/a      ;             ;
;     -- HEX1[0]           ; Top       ; Output Pad    ; Unplaced ; Synthesized ;
;     -- HEX1[0]~output    ; Top       ; Output Buffer ; Unplaced ; Synthesized ;
;                          ;           ;               ;          ;             ;
; HEX1[1]                  ; Top       ; Output Port   ; n/a      ;             ;
;     -- HEX1[1]           ; Top       ; Output Pad    ; Unplaced ; Synthesized ;
;     -- HEX1[1]~output    ; Top       ; Output Buffer ; Unplaced ; Synthesized ;
;                          ;           ;               ;          ;             ;
; HEX1[2]                  ; Top       ; Output Port   ; n/a      ;             ;
;     -- HEX1[2]           ; Top       ; Output Pad    ; Unplaced ; Synthesized ;
;     -- HEX1[2]~output    ; Top       ; Output Buffer ; Unplaced ; Synthesized ;
;                          ;           ;               ;          ;             ;
; HEX1[3]                  ; Top       ; Output Port   ; n/a      ;             ;
;     -- HEX1[3]           ; Top       ; Output Pad    ; Unplaced ; Synthesized ;
;     -- HEX1[3]~output    ; Top       ; Output Buffer ; Unplaced ; Synthesized ;
;                          ;           ;               ;          ;             ;
; HEX1[4]                  ; Top       ; Output Port   ; n/a      ;             ;
;     -- HEX1[4]           ; Top       ; Output Pad    ; Unplaced ; Synthesized ;
;     -- HEX1[4]~output    ; Top       ; Output Buffer ; Unplaced ; Synthesized ;
;                          ;           ;               ;          ;             ;
; HEX1[5]                  ; Top       ; Output Port   ; n/a      ;             ;
;     -- HEX1[5]           ; Top       ; Output Pad    ; Unplaced ; Synthesized ;
;     -- HEX1[5]~output    ; Top       ; Output Buffer ; Unplaced ; Synthesized ;
;                          ;           ;               ;          ;             ;
; HEX1[6]                  ; Top       ; Output Port   ; n/a      ;             ;
;     -- HEX1[6]           ; Top       ; Output Pad    ; Unplaced ; Synthesized ;
;     -- HEX1[6]~output    ; Top       ; Output Buffer ; Unplaced ; Synthesized ;
;                          ;           ;               ;          ;             ;
; HEX2[0]                  ; Top       ; Output Port   ; n/a      ;             ;
;     -- HEX2[0]           ; Top       ; Output Pad    ; Unplaced ; Synthesized ;
;     -- HEX2[0]~output    ; Top       ; Output Buffer ; Unplaced ; Synthesized ;
;                          ;           ;               ;          ;             ;
; HEX2[1]                  ; Top       ; Output Port   ; n/a      ;             ;
;     -- HEX2[1]           ; Top       ; Output Pad    ; Unplaced ; Synthesized ;
;     -- HEX2[1]~output    ; Top       ; Output Buffer ; Unplaced ; Synthesized ;
;                          ;           ;               ;          ;             ;
; HEX2[2]                  ; Top       ; Output Port   ; n/a      ;             ;
;     -- HEX2[2]           ; Top       ; Output Pad    ; Unplaced ; Synthesized ;
;     -- HEX2[2]~output    ; Top       ; Output Buffer ; Unplaced ; Synthesized ;
;                          ;           ;               ;          ;             ;
; HEX2[3]                  ; Top       ; Output Port   ; n/a      ;             ;
;     -- HEX2[3]           ; Top       ; Output Pad    ; Unplaced ; Synthesized ;
;     -- HEX2[3]~output    ; Top       ; Output Buffer ; Unplaced ; Synthesized ;
;                          ;           ;               ;          ;             ;
; HEX2[4]                  ; Top       ; Output Port   ; n/a      ;             ;
;     -- HEX2[4]           ; Top       ; Output Pad    ; Unplaced ; Synthesized ;
;     -- HEX2[4]~output    ; Top       ; Output Buffer ; Unplaced ; Synthesized ;
;                          ;           ;               ;          ;             ;
; HEX2[5]                  ; Top       ; Output Port   ; n/a      ;             ;
;     -- HEX2[5]           ; Top       ; Output Pad    ; Unplaced ; Synthesized ;
;     -- HEX2[5]~output    ; Top       ; Output Buffer ; Unplaced ; Synthesized ;
;                          ;           ;               ;          ;             ;
; HEX2[6]                  ; Top       ; Output Port   ; n/a      ;             ;
;     -- HEX2[6]           ; Top       ; Output Pad    ; Unplaced ; Synthesized ;
;     -- HEX2[6]~output    ; Top       ; Output Buffer ; Unplaced ; Synthesized ;
;                          ;           ;               ;          ;             ;
; HEX3[0]                  ; Top       ; Output Port   ; n/a      ;             ;
;     -- HEX3[0]           ; Top       ; Output Pad    ; Unplaced ; Synthesized ;
;     -- HEX3[0]~output    ; Top       ; Output Buffer ; Unplaced ; Synthesized ;
;                          ;           ;               ;          ;             ;
; HEX3[1]                  ; Top       ; Output Port   ; n/a      ;             ;
;     -- HEX3[1]           ; Top       ; Output Pad    ; Unplaced ; Synthesized ;
;     -- HEX3[1]~output    ; Top       ; Output Buffer ; Unplaced ; Synthesized ;
;                          ;           ;               ;          ;             ;
; HEX3[2]                  ; Top       ; Output Port   ; n/a      ;             ;
;     -- HEX3[2]           ; Top       ; Output Pad    ; Unplaced ; Synthesized ;
;     -- HEX3[2]~output    ; Top       ; Output Buffer ; Unplaced ; Synthesized ;
;                          ;           ;               ;          ;             ;
; HEX3[3]                  ; Top       ; Output Port   ; n/a      ;             ;
;     -- HEX3[3]           ; Top       ; Output Pad    ; Unplaced ; Synthesized ;
;     -- HEX3[3]~output    ; Top       ; Output Buffer ; Unplaced ; Synthesized ;
;                          ;           ;               ;          ;             ;
; HEX3[4]                  ; Top       ; Output Port   ; n/a      ;             ;
;     -- HEX3[4]           ; Top       ; Output Pad    ; Unplaced ; Synthesized ;
;     -- HEX3[4]~output    ; Top       ; Output Buffer ; Unplaced ; Synthesized ;
;                          ;           ;               ;          ;             ;
; HEX3[5]                  ; Top       ; Output Port   ; n/a      ;             ;
;     -- HEX3[5]           ; Top       ; Output Pad    ; Unplaced ; Synthesized ;
;     -- HEX3[5]~output    ; Top       ; Output Buffer ; Unplaced ; Synthesized ;
;                          ;           ;               ;          ;             ;
; HEX3[6]                  ; Top       ; Output Port   ; n/a      ;             ;
;     -- HEX3[6]           ; Top       ; Output Pad    ; Unplaced ; Synthesized ;
;     -- HEX3[6]~output    ; Top       ; Output Buffer ; Unplaced ; Synthesized ;
;                          ;           ;               ;          ;             ;
; HEX4[0]                  ; Top       ; Output Port   ; n/a      ;             ;
;     -- HEX4[0]           ; Top       ; Output Pad    ; Unplaced ; Synthesized ;
;     -- HEX4[0]~output    ; Top       ; Output Buffer ; Unplaced ; Synthesized ;
;                          ;           ;               ;          ;             ;
; HEX4[1]                  ; Top       ; Output Port   ; n/a      ;             ;
;     -- HEX4[1]           ; Top       ; Output Pad    ; Unplaced ; Synthesized ;
;     -- HEX4[1]~output    ; Top       ; Output Buffer ; Unplaced ; Synthesized ;
;                          ;           ;               ;          ;             ;
; HEX4[2]                  ; Top       ; Output Port   ; n/a      ;             ;
;     -- HEX4[2]           ; Top       ; Output Pad    ; Unplaced ; Synthesized ;
;     -- HEX4[2]~output    ; Top       ; Output Buffer ; Unplaced ; Synthesized ;
;                          ;           ;               ;          ;             ;
; HEX4[3]                  ; Top       ; Output Port   ; n/a      ;             ;
;     -- HEX4[3]           ; Top       ; Output Pad    ; Unplaced ; Synthesized ;
;     -- HEX4[3]~output    ; Top       ; Output Buffer ; Unplaced ; Synthesized ;
;                          ;           ;               ;          ;             ;
; HEX4[4]                  ; Top       ; Output Port   ; n/a      ;             ;
;     -- HEX4[4]           ; Top       ; Output Pad    ; Unplaced ; Synthesized ;
;     -- HEX4[4]~output    ; Top       ; Output Buffer ; Unplaced ; Synthesized ;
;                          ;           ;               ;          ;             ;
; HEX4[5]                  ; Top       ; Output Port   ; n/a      ;             ;
;     -- HEX4[5]           ; Top       ; Output Pad    ; Unplaced ; Synthesized ;
;     -- HEX4[5]~output    ; Top       ; Output Buffer ; Unplaced ; Synthesized ;
;                          ;           ;               ;          ;             ;
; HEX4[6]                  ; Top       ; Output Port   ; n/a      ;             ;
;     -- HEX4[6]           ; Top       ; Output Pad    ; Unplaced ; Synthesized ;
;     -- HEX4[6]~output    ; Top       ; Output Buffer ; Unplaced ; Synthesized ;
;                          ;           ;               ;          ;             ;
; HEX5[0]                  ; Top       ; Output Port   ; n/a      ;             ;
;     -- HEX5[0]           ; Top       ; Output Pad    ; Unplaced ; Synthesized ;
;     -- HEX5[0]~output    ; Top       ; Output Buffer ; Unplaced ; Synthesized ;
;                          ;           ;               ;          ;             ;
; HEX5[1]                  ; Top       ; Output Port   ; n/a      ;             ;
;     -- HEX5[1]           ; Top       ; Output Pad    ; Unplaced ; Synthesized ;
;     -- HEX5[1]~output    ; Top       ; Output Buffer ; Unplaced ; Synthesized ;
;                          ;           ;               ;          ;             ;
; HEX5[2]                  ; Top       ; Output Port   ; n/a      ;             ;
;     -- HEX5[2]           ; Top       ; Output Pad    ; Unplaced ; Synthesized ;
;     -- HEX5[2]~output    ; Top       ; Output Buffer ; Unplaced ; Synthesized ;
;                          ;           ;               ;          ;             ;
; HEX5[3]                  ; Top       ; Output Port   ; n/a      ;             ;
;     -- HEX5[3]           ; Top       ; Output Pad    ; Unplaced ; Synthesized ;
;     -- HEX5[3]~output    ; Top       ; Output Buffer ; Unplaced ; Synthesized ;
;                          ;           ;               ;          ;             ;
; HEX5[4]                  ; Top       ; Output Port   ; n/a      ;             ;
;     -- HEX5[4]           ; Top       ; Output Pad    ; Unplaced ; Synthesized ;
;     -- HEX5[4]~output    ; Top       ; Output Buffer ; Unplaced ; Synthesized ;
;                          ;           ;               ;          ;             ;
; HEX5[5]                  ; Top       ; Output Port   ; n/a      ;             ;
;     -- HEX5[5]           ; Top       ; Output Pad    ; Unplaced ; Synthesized ;
;     -- HEX5[5]~output    ; Top       ; Output Buffer ; Unplaced ; Synthesized ;
;                          ;           ;               ;          ;             ;
; HEX5[6]                  ; Top       ; Output Port   ; n/a      ;             ;
;     -- HEX5[6]           ; Top       ; Output Pad    ; Unplaced ; Synthesized ;
;     -- HEX5[6]~output    ; Top       ; Output Buffer ; Unplaced ; Synthesized ;
;                          ;           ;               ;          ;             ;
; KEY[0]                   ; Top       ; Input Port    ; n/a      ;             ;
;     -- KEY[0]            ; Top       ; Input Pad     ; Unplaced ; Synthesized ;
;     -- KEY[0]~input      ; Top       ; Input Buffer  ; Unplaced ; Synthesized ;
;                          ;           ;               ;          ;             ;
; KEY[1]                   ; Top       ; Input Port    ; n/a      ;             ;
;     -- KEY[1]            ; Top       ; Input Pad     ; Unplaced ; Synthesized ;
;     -- KEY[1]~input      ; Top       ; Input Buffer  ; Unplaced ; Synthesized ;
;                          ;           ;               ;          ;             ;
; KEY[2]                   ; Top       ; Input Port    ; n/a      ;             ;
;     -- KEY[2]            ; Top       ; Input Pad     ; Unplaced ; Synthesized ;
;     -- KEY[2]~input      ; Top       ; Input Buffer  ; Unplaced ; Synthesized ;
;                          ;           ;               ;          ;             ;
; KEY[3]                   ; Top       ; Input Port    ; n/a      ;             ;
;     -- KEY[3]            ; Top       ; Input Pad     ; Unplaced ; Synthesized ;
;     -- KEY[3]~input      ; Top       ; Input Buffer  ; Unplaced ; Synthesized ;
;                          ;           ;               ;          ;             ;
; LEDR[0]                  ; Top       ; Output Port   ; n/a      ;             ;
;     -- LEDR[0]           ; Top       ; Output Pad    ; Unplaced ; Synthesized ;
;     -- LEDR[0]~output    ; Top       ; Output Buffer ; Unplaced ; Synthesized ;
;                          ;           ;               ;          ;             ;
; LEDR[1]                  ; Top       ; Output Port   ; n/a      ;             ;
;     -- LEDR[1]           ; Top       ; Output Pad    ; Unplaced ; Synthesized ;
;     -- LEDR[1]~output    ; Top       ; Output Buffer ; Unplaced ; Synthesized ;
;                          ;           ;               ;          ;             ;
; LEDR[2]                  ; Top       ; Output Port   ; n/a      ;             ;
;     -- LEDR[2]           ; Top       ; Output Pad    ; Unplaced ; Synthesized ;
;     -- LEDR[2]~output    ; Top       ; Output Buffer ; Unplaced ; Synthesized ;
;                          ;           ;               ;          ;             ;
; LEDR[3]                  ; Top       ; Output Port   ; n/a      ;             ;
;     -- LEDR[3]           ; Top       ; Output Pad    ; Unplaced ; Synthesized ;
;     -- LEDR[3]~output    ; Top       ; Output Buffer ; Unplaced ; Synthesized ;
;                          ;           ;               ;          ;             ;
; LEDR[4]                  ; Top       ; Output Port   ; n/a      ;             ;
;     -- LEDR[4]           ; Top       ; Output Pad    ; Unplaced ; Synthesized ;
;     -- LEDR[4]~output    ; Top       ; Output Buffer ; Unplaced ; Synthesized ;
;                          ;           ;               ;          ;             ;
; LEDR[5]                  ; Top       ; Output Port   ; n/a      ;             ;
;     -- LEDR[5]           ; Top       ; Output Pad    ; Unplaced ; Synthesized ;
;     -- LEDR[5]~output    ; Top       ; Output Buffer ; Unplaced ; Synthesized ;
;                          ;           ;               ;          ;             ;
; LEDR[6]                  ; Top       ; Output Port   ; n/a      ;             ;
;     -- LEDR[6]           ; Top       ; Output Pad    ; Unplaced ; Synthesized ;
;     -- LEDR[6]~output    ; Top       ; Output Buffer ; Unplaced ; Synthesized ;
;                          ;           ;               ;          ;             ;
; LEDR[7]                  ; Top       ; Output Port   ; n/a      ;             ;
;     -- LEDR[7]           ; Top       ; Output Pad    ; Unplaced ; Synthesized ;
;     -- LEDR[7]~output    ; Top       ; Output Buffer ; Unplaced ; Synthesized ;
;                          ;           ;               ;          ;             ;
; LEDR[8]                  ; Top       ; Output Port   ; n/a      ;             ;
;     -- LEDR[8]           ; Top       ; Output Pad    ; Unplaced ; Synthesized ;
;     -- LEDR[8]~output    ; Top       ; Output Buffer ; Unplaced ; Synthesized ;
;                          ;           ;               ;          ;             ;
; LEDR[9]                  ; Top       ; Output Port   ; n/a      ;             ;
;     -- LEDR[9]           ; Top       ; Output Pad    ; Unplaced ; Synthesized ;
;     -- LEDR[9]~output    ; Top       ; Output Buffer ; Unplaced ; Synthesized ;
;                          ;           ;               ;          ;             ;
; SW[0]                    ; Top       ; Input Port    ; n/a      ;             ;
;     -- SW[0]             ; Top       ; Input Pad     ; Unplaced ; Synthesized ;
;     -- SW[0]~input       ; Top       ; Input Buffer  ; Unplaced ; Synthesized ;
;                          ;           ;               ;          ;             ;
; SW[1]                    ; Top       ; Input Port    ; n/a      ;             ;
;     -- SW[1]             ; Top       ; Input Pad     ; Unplaced ; Synthesized ;
;     -- SW[1]~input       ; Top       ; Input Buffer  ; Unplaced ; Synthesized ;
;                          ;           ;               ;          ;             ;
; SW[2]                    ; Top       ; Input Port    ; n/a      ;             ;
;     -- SW[2]             ; Top       ; Input Pad     ; Unplaced ; Synthesized ;
;     -- SW[2]~input       ; Top       ; Input Buffer  ; Unplaced ; Synthesized ;
;                          ;           ;               ;          ;             ;
; SW[3]                    ; Top       ; Input Port    ; n/a      ;             ;
;     -- SW[3]             ; Top       ; Input Pad     ; Unplaced ; Synthesized ;
;     -- SW[3]~input       ; Top       ; Input Buffer  ; Unplaced ; Synthesized ;
;                          ;           ;               ;          ;             ;
; SW[4]                    ; Top       ; Input Port    ; n/a      ;             ;
;     -- SW[4]             ; Top       ; Input Pad     ; Unplaced ; Synthesized ;
;     -- SW[4]~input       ; Top       ; Input Buffer  ; Unplaced ; Synthesized ;
;                          ;           ;               ;          ;             ;
; SW[5]                    ; Top       ; Input Port    ; n/a      ;             ;
;     -- SW[5]             ; Top       ; Input Pad     ; Unplaced ; Synthesized ;
;     -- SW[5]~input       ; Top       ; Input Buffer  ; Unplaced ; Synthesized ;
;                          ;           ;               ;          ;             ;
; SW[6]                    ; Top       ; Input Port    ; n/a      ;             ;
;     -- SW[6]             ; Top       ; Input Pad     ; Unplaced ; Synthesized ;
;     -- SW[6]~input       ; Top       ; Input Buffer  ; Unplaced ; Synthesized ;
;                          ;           ;               ;          ;             ;
; SW[7]                    ; Top       ; Input Port    ; n/a      ;             ;
;     -- SW[7]             ; Top       ; Input Pad     ; Unplaced ; Synthesized ;
;     -- SW[7]~input       ; Top       ; Input Buffer  ; Unplaced ; Synthesized ;
;                          ;           ;               ;          ;             ;
; SW[8]                    ; Top       ; Input Port    ; n/a      ;             ;
;     -- SW[8]             ; Top       ; Input Pad     ; Unplaced ; Synthesized ;
;     -- SW[8]~input       ; Top       ; Input Buffer  ; Unplaced ; Synthesized ;
;                          ;           ;               ;          ;             ;
; SW[9]                    ; Top       ; Input Port    ; n/a      ;             ;
;     -- SW[9]             ; Top       ; Input Pad     ; Unplaced ; Synthesized ;
;     -- SW[9]~input       ; Top       ; Input Buffer  ; Unplaced ; Synthesized ;
;                          ;           ;               ;          ;             ;
+--------------------------+-----------+---------------+----------+-------------+


+--------------------------------------------------------------+
; Partition Merge Resource Usage Summary                       ;
+---------------------------------------------+----------------+
; Resource                                    ; Usage          ;
+---------------------------------------------+----------------+
; Estimate of Logic utilization (ALMs needed) ; 22             ;
;                                             ;                ;
; Combinational ALUT usage for logic          ; 24             ;
;     -- 7 input functions                    ; 0              ;
;     -- 6 input functions                    ; 0              ;
;     -- 5 input functions                    ; 0              ;
;     -- 4 input functions                    ; 0              ;
;     -- <=3 input functions                  ; 24             ;
;                                             ;                ;
; Dedicated logic registers                   ; 43             ;
;                                             ;                ;
; I/O pins                                    ; 103            ;
;                                             ;                ;
; Total DSP Blocks                            ; 0              ;
;                                             ;                ;
; Maximum fan-out node                        ; CLOCK_50~input ;
; Maximum fan-out                             ; 26             ;
; Total fan-out                               ; 255            ;
; Average fan-out                             ; 0.93           ;
+---------------------------------------------+----------------+


+--------------------------+
; Partition Merge Messages ;
+--------------------------+
Info: *******************************************************************
Info: Running Quartus II 64-Bit Partition Merge
    Info: Version 14.1.0 Build 186 12/03/2014 SJ Full Version
    Info: Processing started: Thu Mar 02 20:52:13 2017
Info: Command: quartus_cdb --read_settings_files=on --write_settings_files=off DE1_SoC -c DE1_SoC --merge=on --recompile=on
Info (35007): Using synthesis netlist for partition "Top"
Info (35002): Resolved and merged 1 partition(s)
Info (16010): Generating hard_block partition "hard_block:auto_generated_inst"
    Info (16011): Adding 0 node(s), including 0 DDIO, 0 PLL, 0 transceiver and 0 LCELL
Info (21057): Implemented 146 device resources after synthesis - the final resource count might be different
    Info (21058): Implemented 15 input pins
    Info (21059): Implemented 88 output pins
    Info (21061): Implemented 43 logic cells
Info: Quartus II 64-Bit Partition Merge was successful. 0 errors, 0 warnings
    Info: Peak virtual memory: 715 megabytes
    Info: Processing ended: Thu Mar 02 20:52:17 2017
    Info: Elapsed time: 00:00:04
    Info: Total CPU time (on all processors): 00:00:02


